TimeQuest Timing Analyzer report for Somador4bits
Thu Oct 18 16:42:10 2018
Quartus II 64-Bit Version 13.0.1 Build 232 06/12/2013 Service Pack 1 SJ Web Edition


---------------------
; Table of Contents ;
---------------------
  1. Legal Notice
  2. TimeQuest Timing Analyzer Summary
  3. Parallel Compilation
  4. Clocks
  5. Slow Model Fmax Summary
  6. Slow Model Setup Summary
  7. Slow Model Hold Summary
  8. Slow Model Recovery Summary
  9. Slow Model Removal Summary
 10. Slow Model Minimum Pulse Width Summary
 11. Propagation Delay
 12. Minimum Propagation Delay
 13. Fast Model Setup Summary
 14. Fast Model Hold Summary
 15. Fast Model Recovery Summary
 16. Fast Model Removal Summary
 17. Fast Model Minimum Pulse Width Summary
 18. Propagation Delay
 19. Minimum Propagation Delay
 20. Multicorner Timing Analysis Summary
 21. Progagation Delay
 22. Minimum Progagation Delay
 23. Clock Transfers
 24. Report TCCS
 25. Report RSKM
 26. Unconstrained Paths
 27. TimeQuest Timing Analyzer Messages



----------------
; Legal Notice ;
----------------
Copyright (C) 1991-2013 Altera Corporation
Your use of Altera Corporation's design tools, logic functions 
and other software and tools, and its AMPP partner logic 
functions, and any output files from any of the foregoing 
(including device programming or simulation files), and any 
associated documentation or information are expressly subject 
to the terms and conditions of the Altera Program License 
Subscription Agreement, Altera MegaCore Function License 
Agreement, or other applicable license agreement, including, 
without limitation, that your use is for the sole purpose of 
programming logic devices manufactured by Altera and sold by 
Altera or its authorized distributors.  Please refer to the 
applicable agreement for further details.



+----------------------------------------------------------------------------------------+
; TimeQuest Timing Analyzer Summary                                                      ;
+--------------------+-------------------------------------------------------------------+
; Quartus II Version ; Version 13.0.1 Build 232 06/12/2013 Service Pack 1 SJ Web Edition ;
; Revision Name      ; Somador4bits                                                      ;
; Device Family      ; Cyclone II                                                        ;
; Device Name        ; EP2C35F672C6                                                      ;
; Timing Models      ; Final                                                             ;
; Delay Model        ; Combined                                                          ;
; Rise/Fall Delays   ; Unavailable                                                       ;
+--------------------+-------------------------------------------------------------------+


Parallel compilation was disabled, but you have multiple processors available. Enable parallel compilation to reduce compilation time.
+-------------------------------------+
; Parallel Compilation                ;
+----------------------------+--------+
; Processors                 ; Number ;
+----------------------------+--------+
; Number detected on machine ; 4      ;
; Maximum allowed            ; 1      ;
+----------------------------+--------+


----------
; Clocks ;
----------
No clocks to report.


---------------------------
; Slow Model Fmax Summary ;
---------------------------
No paths to report.


----------------------------
; Slow Model Setup Summary ;
----------------------------
No paths to report.


---------------------------
; Slow Model Hold Summary ;
---------------------------
No paths to report.


-------------------------------
; Slow Model Recovery Summary ;
-------------------------------
No paths to report.


------------------------------
; Slow Model Removal Summary ;
------------------------------
No paths to report.


------------------------------------------
; Slow Model Minimum Pulse Width Summary ;
------------------------------------------
No paths to report.


+--------------------------------------------------------------+
; Propagation Delay                                            ;
+------------+-------------+--------+--------+--------+--------+
; Input Port ; Output Port ; RR     ; RF     ; FR     ; FF     ;
+------------+-------------+--------+--------+--------+--------+
; te0        ; HEX0[0]     ; 15.549 ; 15.549 ; 15.549 ; 15.549 ;
; te0        ; HEX0[1]     ; 15.522 ; 15.522 ; 15.522 ; 15.522 ;
; te0        ; HEX0[2]     ; 15.543 ; 15.543 ; 15.543 ; 15.543 ;
; te0        ; HEX0[3]     ; 15.294 ; 15.294 ; 15.294 ; 15.294 ;
; te0        ; HEX0[4]     ; 14.857 ; 14.857 ; 14.857 ; 14.857 ;
; te0        ; HEX0[5]     ; 15.504 ; 15.504 ; 15.504 ; 15.504 ;
; te0        ; HEX0[6]     ; 15.276 ; 15.276 ; 15.276 ; 15.276 ;
; te0        ; HEX1[0]     ; 14.249 ; 14.262 ; 14.262 ; 14.249 ;
; te0        ; HEX1[2]     ; 14.280 ; 14.267 ; 14.267 ; 14.280 ;
; te0        ; HEX1[3]     ; 14.414 ; 14.427 ; 14.427 ; 14.414 ;
; te0        ; HEX1[4]     ; 13.705 ; 13.718 ; 13.718 ; 13.705 ;
; te0        ; HEX1[5]     ; 14.102 ; 14.115 ; 14.115 ; 14.102 ;
; te0        ; HEX1[6]     ; 11.562 ; 11.763 ; 11.763 ; 11.562 ;
; x[0]       ; HEX0[0]     ; 19.127 ; 19.127 ; 19.127 ; 19.127 ;
; x[0]       ; HEX0[1]     ; 19.100 ; 19.100 ; 19.100 ; 19.100 ;
; x[0]       ; HEX0[2]     ; 19.121 ; 19.121 ; 19.121 ; 19.121 ;
; x[0]       ; HEX0[3]     ; 18.872 ; 18.872 ; 18.872 ; 18.872 ;
; x[0]       ; HEX0[4]     ; 18.435 ; 18.435 ; 18.435 ; 18.435 ;
; x[0]       ; HEX0[5]     ; 19.082 ; 19.082 ; 19.082 ; 19.082 ;
; x[0]       ; HEX0[6]     ; 18.854 ; 18.854 ; 18.854 ; 18.854 ;
; x[0]       ; HEX1[0]     ; 17.827 ; 17.840 ; 17.840 ; 17.827 ;
; x[0]       ; HEX1[2]     ; 17.858 ; 17.845 ; 17.845 ; 17.858 ;
; x[0]       ; HEX1[3]     ; 17.992 ; 18.005 ; 18.005 ; 17.992 ;
; x[0]       ; HEX1[4]     ; 17.283 ; 17.296 ; 17.296 ; 17.283 ;
; x[0]       ; HEX1[5]     ; 17.680 ; 17.693 ; 17.693 ; 17.680 ;
; x[0]       ; HEX1[6]     ; 15.140 ; 15.341 ; 15.341 ; 15.140 ;
; x[1]       ; HEX0[0]     ; 18.505 ; 18.505 ; 18.505 ; 18.505 ;
; x[1]       ; HEX0[1]     ; 18.478 ; 18.478 ; 18.478 ; 18.478 ;
; x[1]       ; HEX0[2]     ; 18.499 ; 18.499 ; 18.499 ; 18.499 ;
; x[1]       ; HEX0[3]     ; 18.250 ; 18.250 ; 18.250 ; 18.250 ;
; x[1]       ; HEX0[4]     ; 17.813 ; 17.813 ; 17.813 ; 17.813 ;
; x[1]       ; HEX0[5]     ; 18.460 ; 18.460 ; 18.460 ; 18.460 ;
; x[1]       ; HEX0[6]     ; 18.232 ; 18.232 ; 18.232 ; 18.232 ;
; x[1]       ; HEX1[0]     ; 17.205 ; 17.218 ; 17.218 ; 17.205 ;
; x[1]       ; HEX1[2]     ; 17.236 ; 17.223 ; 17.223 ; 17.236 ;
; x[1]       ; HEX1[3]     ; 17.370 ; 17.383 ; 17.383 ; 17.370 ;
; x[1]       ; HEX1[4]     ; 16.661 ; 16.674 ; 16.674 ; 16.661 ;
; x[1]       ; HEX1[5]     ; 17.058 ; 17.071 ; 17.071 ; 17.058 ;
; x[1]       ; HEX1[6]     ; 14.518 ; 14.719 ; 14.719 ; 14.518 ;
; x[2]       ; HEX0[0]     ; 19.538 ; 19.538 ; 19.538 ; 19.538 ;
; x[2]       ; HEX0[1]     ; 19.511 ; 19.511 ; 19.511 ; 19.511 ;
; x[2]       ; HEX0[2]     ; 19.532 ; 19.532 ; 19.532 ; 19.532 ;
; x[2]       ; HEX0[3]     ; 19.283 ; 19.283 ; 19.283 ; 19.283 ;
; x[2]       ; HEX0[4]     ; 18.846 ; 18.846 ; 18.846 ; 18.846 ;
; x[2]       ; HEX0[5]     ; 19.493 ; 19.493 ; 19.493 ; 19.493 ;
; x[2]       ; HEX0[6]     ; 19.265 ; 19.265 ; 19.265 ; 19.265 ;
; x[2]       ; HEX1[0]     ; 18.238 ; 18.251 ; 18.251 ; 18.238 ;
; x[2]       ; HEX1[2]     ; 18.269 ; 18.256 ; 18.256 ; 18.269 ;
; x[2]       ; HEX1[3]     ; 18.403 ; 18.416 ; 18.416 ; 18.403 ;
; x[2]       ; HEX1[4]     ; 17.694 ; 17.707 ; 17.707 ; 17.694 ;
; x[2]       ; HEX1[5]     ; 18.091 ; 18.104 ; 18.104 ; 18.091 ;
; x[2]       ; HEX1[6]     ; 15.551 ; 15.752 ; 15.752 ; 15.551 ;
; x[3]       ; HEX0[0]     ; 17.528 ; 17.528 ; 17.528 ; 17.528 ;
; x[3]       ; HEX0[1]     ; 17.501 ; 17.501 ; 17.501 ; 17.501 ;
; x[3]       ; HEX0[2]     ; 17.522 ; 17.522 ; 17.522 ; 17.522 ;
; x[3]       ; HEX0[3]     ; 17.273 ; 17.273 ; 17.273 ; 17.273 ;
; x[3]       ; HEX0[4]     ; 16.836 ; 16.836 ; 16.836 ; 16.836 ;
; x[3]       ; HEX0[5]     ; 17.483 ; 17.483 ; 17.483 ; 17.483 ;
; x[3]       ; HEX0[6]     ; 17.255 ; 17.255 ; 17.255 ; 17.255 ;
; x[3]       ; HEX1[0]     ; 16.150 ; 16.150 ; 16.150 ; 16.150 ;
; x[3]       ; HEX1[2]     ; 16.168 ; 16.168 ; 16.168 ; 16.168 ;
; x[3]       ; HEX1[3]     ; 16.315 ; 16.315 ; 16.315 ; 16.315 ;
; x[3]       ; HEX1[4]     ; 15.606 ; 15.606 ; 15.606 ; 15.606 ;
; x[3]       ; HEX1[5]     ; 16.003 ; 16.003 ; 16.003 ; 16.003 ;
; x[3]       ; HEX1[6]     ; 13.651 ; 13.651 ; 13.651 ; 13.651 ;
; y[0]       ; HEX0[0]     ; 15.352 ; 15.352 ; 15.352 ; 15.352 ;
; y[0]       ; HEX0[1]     ; 15.325 ; 15.325 ; 15.325 ; 15.325 ;
; y[0]       ; HEX0[2]     ; 15.346 ; 15.346 ; 15.346 ; 15.346 ;
; y[0]       ; HEX0[3]     ; 15.097 ; 15.097 ; 15.097 ; 15.097 ;
; y[0]       ; HEX0[4]     ; 14.660 ; 14.660 ; 14.660 ; 14.660 ;
; y[0]       ; HEX0[5]     ; 15.307 ; 15.307 ; 15.307 ; 15.307 ;
; y[0]       ; HEX0[6]     ; 15.079 ; 15.079 ; 15.079 ; 15.079 ;
; y[0]       ; HEX1[0]     ; 14.052 ; 14.065 ; 14.065 ; 14.052 ;
; y[0]       ; HEX1[2]     ; 14.083 ; 14.070 ; 14.070 ; 14.083 ;
; y[0]       ; HEX1[3]     ; 14.217 ; 14.230 ; 14.230 ; 14.217 ;
; y[0]       ; HEX1[4]     ; 13.508 ; 13.521 ; 13.521 ; 13.508 ;
; y[0]       ; HEX1[5]     ; 13.905 ; 13.918 ; 13.918 ; 13.905 ;
; y[0]       ; HEX1[6]     ; 11.365 ; 11.566 ; 11.566 ; 11.365 ;
; y[1]       ; HEX0[0]     ; 14.690 ; 14.690 ; 14.690 ; 14.690 ;
; y[1]       ; HEX0[1]     ; 14.663 ; 14.663 ; 14.663 ; 14.663 ;
; y[1]       ; HEX0[2]     ; 14.684 ; 14.684 ; 14.684 ; 14.684 ;
; y[1]       ; HEX0[3]     ; 14.435 ; 14.435 ; 14.435 ; 14.435 ;
; y[1]       ; HEX0[4]     ; 13.998 ; 13.998 ; 13.998 ; 13.998 ;
; y[1]       ; HEX0[5]     ; 14.645 ; 14.645 ; 14.645 ; 14.645 ;
; y[1]       ; HEX0[6]     ; 14.417 ; 14.417 ; 14.417 ; 14.417 ;
; y[1]       ; HEX1[0]     ; 13.390 ; 13.403 ; 13.403 ; 13.390 ;
; y[1]       ; HEX1[2]     ; 13.421 ; 13.408 ; 13.408 ; 13.421 ;
; y[1]       ; HEX1[3]     ; 13.555 ; 13.568 ; 13.568 ; 13.555 ;
; y[1]       ; HEX1[4]     ; 12.846 ; 12.859 ; 12.859 ; 12.846 ;
; y[1]       ; HEX1[5]     ; 13.243 ; 13.256 ; 13.256 ; 13.243 ;
; y[1]       ; HEX1[6]     ; 10.703 ; 10.904 ; 10.904 ; 10.703 ;
; y[2]       ; HEX0[0]     ; 15.348 ; 15.348 ; 15.348 ; 15.348 ;
; y[2]       ; HEX0[1]     ; 15.321 ; 15.321 ; 15.321 ; 15.321 ;
; y[2]       ; HEX0[2]     ; 15.342 ; 15.342 ; 15.342 ; 15.342 ;
; y[2]       ; HEX0[3]     ; 15.093 ; 15.093 ; 15.093 ; 15.093 ;
; y[2]       ; HEX0[4]     ; 14.656 ; 14.656 ; 14.656 ; 14.656 ;
; y[2]       ; HEX0[5]     ; 15.303 ; 15.303 ; 15.303 ; 15.303 ;
; y[2]       ; HEX0[6]     ; 15.075 ; 15.075 ; 15.075 ; 15.075 ;
; y[2]       ; HEX1[0]     ; 14.048 ; 14.061 ; 14.061 ; 14.048 ;
; y[2]       ; HEX1[2]     ; 14.079 ; 14.066 ; 14.066 ; 14.079 ;
; y[2]       ; HEX1[3]     ; 14.213 ; 14.226 ; 14.226 ; 14.213 ;
; y[2]       ; HEX1[4]     ; 13.504 ; 13.517 ; 13.517 ; 13.504 ;
; y[2]       ; HEX1[5]     ; 13.901 ; 13.914 ; 13.914 ; 13.901 ;
; y[2]       ; HEX1[6]     ; 11.361 ; 11.562 ; 11.562 ; 11.361 ;
; y[3]       ; HEX0[0]     ; 12.374 ; 12.374 ; 12.374 ; 12.374 ;
; y[3]       ; HEX0[1]     ; 12.347 ; 12.347 ; 12.347 ; 12.347 ;
; y[3]       ; HEX0[2]     ; 12.368 ; 12.368 ; 12.368 ; 12.368 ;
; y[3]       ; HEX0[3]     ; 12.119 ; 12.119 ; 12.119 ; 12.119 ;
; y[3]       ; HEX0[4]     ; 11.682 ; 11.682 ; 11.682 ; 11.682 ;
; y[3]       ; HEX0[5]     ; 12.329 ; 12.329 ; 12.329 ; 12.329 ;
; y[3]       ; HEX0[6]     ; 12.101 ; 12.101 ; 12.101 ; 12.101 ;
; y[3]       ; HEX1[0]     ; 10.996 ; 10.996 ; 10.996 ; 10.996 ;
; y[3]       ; HEX1[2]     ; 11.014 ; 11.014 ; 11.014 ; 11.014 ;
; y[3]       ; HEX1[3]     ; 11.161 ; 11.161 ; 11.161 ; 11.161 ;
; y[3]       ; HEX1[4]     ; 10.452 ; 10.452 ; 10.452 ; 10.452 ;
; y[3]       ; HEX1[5]     ; 10.849 ; 10.849 ; 10.849 ; 10.849 ;
; y[3]       ; HEX1[6]     ; 8.497  ; 8.497  ; 8.497  ; 8.497  ;
+------------+-------------+--------+--------+--------+--------+


+--------------------------------------------------------------+
; Minimum Propagation Delay                                    ;
+------------+-------------+--------+--------+--------+--------+
; Input Port ; Output Port ; RR     ; RF     ; FR     ; FF     ;
+------------+-------------+--------+--------+--------+--------+
; te0        ; HEX0[0]     ; 8.724  ; 8.724  ; 8.724  ; 8.724  ;
; te0        ; HEX0[1]     ; 8.697  ; 8.697  ; 8.697  ; 8.697  ;
; te0        ; HEX0[2]     ; 8.718  ; 8.718  ; 8.718  ; 8.718  ;
; te0        ; HEX0[3]     ; 8.469  ; 8.469  ; 8.469  ; 8.469  ;
; te0        ; HEX0[4]     ; 8.135  ; 8.135  ; 8.135  ; 8.135  ;
; te0        ; HEX0[5]     ; 8.679  ; 8.679  ; 8.679  ; 8.679  ;
; te0        ; HEX0[6]     ; 8.455  ; 8.455  ; 8.455  ; 8.455  ;
; te0        ; HEX1[0]     ; 10.682 ; 10.682 ; 10.682 ; 10.682 ;
; te0        ; HEX1[2]     ; 10.700 ; 10.700 ; 10.700 ; 10.700 ;
; te0        ; HEX1[3]     ; 10.847 ; 10.847 ; 10.847 ; 10.847 ;
; te0        ; HEX1[4]     ; 10.138 ; 10.138 ; 10.138 ; 10.138 ;
; te0        ; HEX1[5]     ; 10.535 ; 10.535 ; 10.535 ; 10.535 ;
; te0        ; HEX1[6]     ; 10.810 ; 10.810 ; 10.810 ; 10.810 ;
; x[0]       ; HEX0[0]     ; 12.305 ; 12.305 ; 12.305 ; 12.305 ;
; x[0]       ; HEX0[1]     ; 12.278 ; 12.278 ; 12.278 ; 12.278 ;
; x[0]       ; HEX0[2]     ; 12.299 ; 12.299 ; 12.299 ; 12.299 ;
; x[0]       ; HEX0[3]     ; 12.050 ; 12.050 ; 12.050 ; 12.050 ;
; x[0]       ; HEX0[4]     ; 11.716 ; 11.716 ; 11.716 ; 11.716 ;
; x[0]       ; HEX0[5]     ; 12.260 ; 12.260 ; 12.260 ; 12.260 ;
; x[0]       ; HEX0[6]     ; 12.036 ; 12.036 ; 12.036 ; 12.036 ;
; x[0]       ; HEX1[0]     ; 14.260 ; 14.260 ; 14.260 ; 14.260 ;
; x[0]       ; HEX1[2]     ; 14.278 ; 14.278 ; 14.278 ; 14.278 ;
; x[0]       ; HEX1[3]     ; 14.425 ; 14.425 ; 14.425 ; 14.425 ;
; x[0]       ; HEX1[4]     ; 13.716 ; 13.716 ; 13.716 ; 13.716 ;
; x[0]       ; HEX1[5]     ; 14.113 ; 14.113 ; 14.113 ; 14.113 ;
; x[0]       ; HEX1[6]     ; 14.388 ; 14.388 ; 14.388 ; 14.388 ;
; x[1]       ; HEX0[0]     ; 13.192 ; 13.192 ; 13.192 ; 13.192 ;
; x[1]       ; HEX0[1]     ; 13.165 ; 13.165 ; 13.165 ; 13.165 ;
; x[1]       ; HEX0[2]     ; 13.187 ; 13.187 ; 13.187 ; 13.187 ;
; x[1]       ; HEX0[3]     ; 12.937 ; 12.937 ; 12.937 ; 12.937 ;
; x[1]       ; HEX0[4]     ; 12.876 ; 12.876 ; 12.876 ; 12.876 ;
; x[1]       ; HEX0[5]     ; 13.148 ; 13.148 ; 13.148 ; 13.148 ;
; x[1]       ; HEX0[6]     ; 12.924 ; 12.924 ; 12.924 ; 12.924 ;
; x[1]       ; HEX1[0]     ; 13.644 ; 13.644 ; 13.644 ; 13.644 ;
; x[1]       ; HEX1[2]     ; 13.662 ; 13.662 ; 13.662 ; 13.662 ;
; x[1]       ; HEX1[3]     ; 13.809 ; 13.809 ; 13.809 ; 13.809 ;
; x[1]       ; HEX1[4]     ; 13.100 ; 13.100 ; 13.100 ; 13.100 ;
; x[1]       ; HEX1[5]     ; 13.497 ; 13.497 ; 13.497 ; 13.497 ;
; x[1]       ; HEX1[6]     ; 13.768 ; 13.768 ; 13.768 ; 13.768 ;
; x[2]       ; HEX0[0]     ; 15.102 ; 15.102 ; 15.102 ; 15.102 ;
; x[2]       ; HEX0[1]     ; 15.075 ; 15.204 ; 15.204 ; 15.075 ;
; x[2]       ; HEX0[2]     ; 15.096 ; 15.225 ; 15.225 ; 15.096 ;
; x[2]       ; HEX0[3]     ; 14.847 ; 14.847 ; 14.847 ; 14.847 ;
; x[2]       ; HEX0[4]     ; 14.242 ; 14.242 ; 14.242 ; 14.242 ;
; x[2]       ; HEX0[5]     ; 15.057 ; 15.057 ; 15.057 ; 15.057 ;
; x[2]       ; HEX0[6]     ; 14.829 ; 14.829 ; 14.829 ; 14.829 ;
; x[2]       ; HEX1[0]     ; 14.696 ; 14.342 ; 14.342 ; 14.696 ;
; x[2]       ; HEX1[2]     ; 14.557 ; 14.714 ; 14.714 ; 14.557 ;
; x[2]       ; HEX1[3]     ; 14.861 ; 14.507 ; 14.507 ; 14.861 ;
; x[2]       ; HEX1[4]     ; 14.152 ; 14.468 ; 14.468 ; 14.152 ;
; x[2]       ; HEX1[5]     ; 14.193 ; 14.865 ; 14.865 ; 14.193 ;
; x[2]       ; HEX1[6]     ; 14.282 ; 13.557 ; 13.557 ; 14.282 ;
; x[3]       ; HEX0[0]     ; 14.652 ; 14.652 ; 14.652 ; 14.652 ;
; x[3]       ; HEX0[1]     ; 14.625 ; 14.625 ; 14.625 ; 14.625 ;
; x[3]       ; HEX0[2]     ; 14.646 ; 14.646 ; 14.646 ; 14.646 ;
; x[3]       ; HEX0[3]     ; 14.397 ; 14.397 ; 14.397 ; 14.397 ;
; x[3]       ; HEX0[4]     ; 14.252 ; 14.252 ; 14.252 ; 14.252 ;
; x[3]       ; HEX0[5]     ; 14.607 ; 14.607 ; 14.607 ; 14.607 ;
; x[3]       ; HEX0[6]     ; 14.379 ; 14.379 ; 14.379 ; 14.379 ;
; x[3]       ; HEX1[0]     ; 14.433 ; 14.393 ; 14.393 ; 14.433 ;
; x[3]       ; HEX1[2]     ; 14.451 ; 14.451 ; 14.451 ; 14.451 ;
; x[3]       ; HEX1[3]     ; 14.598 ; 14.558 ; 14.558 ; 14.598 ;
; x[3]       ; HEX1[4]     ; 13.889 ; 13.889 ; 13.889 ; 13.889 ;
; x[3]       ; HEX1[5]     ; 14.244 ; 14.286 ; 14.286 ; 14.244 ;
; x[3]       ; HEX1[6]     ; 13.651 ; 13.608 ; 13.608 ; 13.651 ;
; y[0]       ; HEX0[0]     ; 8.527  ; 8.527  ; 8.527  ; 8.527  ;
; y[0]       ; HEX0[1]     ; 8.500  ; 8.500  ; 8.500  ; 8.500  ;
; y[0]       ; HEX0[2]     ; 8.521  ; 8.521  ; 8.521  ; 8.521  ;
; y[0]       ; HEX0[3]     ; 8.272  ; 8.272  ; 8.272  ; 8.272  ;
; y[0]       ; HEX0[4]     ; 7.938  ; 7.938  ; 7.938  ; 7.938  ;
; y[0]       ; HEX0[5]     ; 8.482  ; 8.482  ; 8.482  ; 8.482  ;
; y[0]       ; HEX0[6]     ; 8.258  ; 8.258  ; 8.258  ; 8.258  ;
; y[0]       ; HEX1[0]     ; 10.485 ; 10.485 ; 10.485 ; 10.485 ;
; y[0]       ; HEX1[2]     ; 10.503 ; 10.503 ; 10.503 ; 10.503 ;
; y[0]       ; HEX1[3]     ; 10.650 ; 10.650 ; 10.650 ; 10.650 ;
; y[0]       ; HEX1[4]     ; 9.941  ; 9.941  ; 9.941  ; 9.941  ;
; y[0]       ; HEX1[5]     ; 10.338 ; 10.338 ; 10.338 ; 10.338 ;
; y[0]       ; HEX1[6]     ; 10.613 ; 10.613 ; 10.613 ; 10.613 ;
; y[1]       ; HEX0[0]     ; 9.195  ; 9.195  ; 9.195  ; 9.195  ;
; y[1]       ; HEX0[1]     ; 9.168  ; 9.168  ; 9.168  ; 9.168  ;
; y[1]       ; HEX0[2]     ; 9.190  ; 9.190  ; 9.190  ; 9.190  ;
; y[1]       ; HEX0[3]     ; 8.940  ; 8.940  ; 8.940  ; 8.940  ;
; y[1]       ; HEX0[4]     ; 8.879  ; 8.879  ; 8.879  ; 8.879  ;
; y[1]       ; HEX0[5]     ; 9.151  ; 9.151  ; 9.151  ; 9.151  ;
; y[1]       ; HEX0[6]     ; 8.927  ; 8.927  ; 8.927  ; 8.927  ;
; y[1]       ; HEX1[0]     ; 9.826  ; 9.826  ; 9.826  ; 9.826  ;
; y[1]       ; HEX1[2]     ; 9.844  ; 9.844  ; 9.844  ; 9.844  ;
; y[1]       ; HEX1[3]     ; 9.991  ; 9.991  ; 9.991  ; 9.991  ;
; y[1]       ; HEX1[4]     ; 9.282  ; 9.282  ; 9.282  ; 9.282  ;
; y[1]       ; HEX1[5]     ; 9.679  ; 9.679  ; 9.679  ; 9.679  ;
; y[1]       ; HEX1[6]     ; 9.952  ; 9.952  ; 9.952  ; 9.952  ;
; y[2]       ; HEX0[0]     ; 10.924 ; 10.924 ; 10.924 ; 10.924 ;
; y[2]       ; HEX0[1]     ; 10.897 ; 11.015 ; 11.015 ; 10.897 ;
; y[2]       ; HEX0[2]     ; 10.918 ; 11.036 ; 11.036 ; 10.918 ;
; y[2]       ; HEX0[3]     ; 10.669 ; 10.669 ; 10.669 ; 10.669 ;
; y[2]       ; HEX0[4]     ; 10.053 ; 10.053 ; 10.053 ; 10.053 ;
; y[2]       ; HEX0[5]     ; 10.879 ; 10.879 ; 10.879 ; 10.879 ;
; y[2]       ; HEX0[6]     ; 10.651 ; 10.651 ; 10.651 ; 10.651 ;
; y[2]       ; HEX1[0]     ; 10.518 ; 10.164 ; 10.164 ; 10.518 ;
; y[2]       ; HEX1[2]     ; 10.379 ; 10.536 ; 10.536 ; 10.379 ;
; y[2]       ; HEX1[3]     ; 10.683 ; 10.329 ; 10.329 ; 10.683 ;
; y[2]       ; HEX1[4]     ; 9.974  ; 10.279 ; 10.279 ; 9.974  ;
; y[2]       ; HEX1[5]     ; 10.015 ; 10.676 ; 10.676 ; 10.015 ;
; y[2]       ; HEX1[6]     ; 10.127 ; 9.379  ; 9.379  ; 10.127 ;
; y[3]       ; HEX0[0]     ; 9.498  ; 9.498  ; 9.498  ; 9.498  ;
; y[3]       ; HEX0[1]     ; 9.471  ; 9.471  ; 9.471  ; 9.471  ;
; y[3]       ; HEX0[2]     ; 9.492  ; 9.492  ; 9.492  ; 9.492  ;
; y[3]       ; HEX0[3]     ; 9.243  ; 9.243  ; 9.243  ; 9.243  ;
; y[3]       ; HEX0[4]     ; 9.099  ; 9.099  ; 9.099  ; 9.099  ;
; y[3]       ; HEX0[5]     ; 9.453  ; 9.453  ; 9.453  ; 9.453  ;
; y[3]       ; HEX0[6]     ; 9.225  ; 9.225  ; 9.225  ; 9.225  ;
; y[3]       ; HEX1[0]     ; 9.279  ; 9.205  ; 9.205  ; 9.279  ;
; y[3]       ; HEX1[2]     ; 9.297  ; 9.297  ; 9.297  ; 9.297  ;
; y[3]       ; HEX1[3]     ; 9.444  ; 9.370  ; 9.370  ; 9.444  ;
; y[3]       ; HEX1[4]     ; 8.735  ; 8.735  ; 8.735  ; 8.735  ;
; y[3]       ; HEX1[5]     ; 9.056  ; 9.132  ; 9.132  ; 9.056  ;
; y[3]       ; HEX1[6]     ; 8.497  ; 8.420  ; 8.420  ; 8.497  ;
+------------+-------------+--------+--------+--------+--------+


----------------------------
; Fast Model Setup Summary ;
----------------------------
No paths to report.


---------------------------
; Fast Model Hold Summary ;
---------------------------
No paths to report.


-------------------------------
; Fast Model Recovery Summary ;
-------------------------------
No paths to report.


------------------------------
; Fast Model Removal Summary ;
------------------------------
No paths to report.


------------------------------------------
; Fast Model Minimum Pulse Width Summary ;
------------------------------------------
No paths to report.


+----------------------------------------------------------+
; Propagation Delay                                        ;
+------------+-------------+-------+-------+-------+-------+
; Input Port ; Output Port ; RR    ; RF    ; FR    ; FF    ;
+------------+-------------+-------+-------+-------+-------+
; te0        ; HEX0[0]     ; 7.468 ; 7.468 ; 7.468 ; 7.468 ;
; te0        ; HEX0[1]     ; 7.441 ; 7.441 ; 7.441 ; 7.441 ;
; te0        ; HEX0[2]     ; 7.460 ; 7.460 ; 7.460 ; 7.460 ;
; te0        ; HEX0[3]     ; 7.351 ; 7.351 ; 7.351 ; 7.351 ;
; te0        ; HEX0[4]     ; 7.132 ; 7.132 ; 7.132 ; 7.132 ;
; te0        ; HEX0[5]     ; 7.435 ; 7.435 ; 7.435 ; 7.435 ;
; te0        ; HEX0[6]     ; 7.339 ; 7.339 ; 7.339 ; 7.339 ;
; te0        ; HEX1[0]     ; 6.871 ; 6.868 ; 6.868 ; 6.871 ;
; te0        ; HEX1[2]     ; 6.812 ; 6.815 ; 6.815 ; 6.812 ;
; te0        ; HEX1[3]     ; 6.897 ; 6.894 ; 6.894 ; 6.897 ;
; te0        ; HEX1[4]     ; 6.593 ; 6.590 ; 6.590 ; 6.593 ;
; te0        ; HEX1[5]     ; 6.794 ; 6.791 ; 6.791 ; 6.794 ;
; te0        ; HEX1[6]     ; 5.681 ; 5.772 ; 5.772 ; 5.681 ;
; x[0]       ; HEX0[0]     ; 9.627 ; 9.627 ; 9.627 ; 9.627 ;
; x[0]       ; HEX0[1]     ; 9.600 ; 9.600 ; 9.600 ; 9.600 ;
; x[0]       ; HEX0[2]     ; 9.619 ; 9.619 ; 9.619 ; 9.619 ;
; x[0]       ; HEX0[3]     ; 9.510 ; 9.510 ; 9.510 ; 9.510 ;
; x[0]       ; HEX0[4]     ; 9.291 ; 9.291 ; 9.291 ; 9.291 ;
; x[0]       ; HEX0[5]     ; 9.594 ; 9.594 ; 9.594 ; 9.594 ;
; x[0]       ; HEX0[6]     ; 9.498 ; 9.498 ; 9.498 ; 9.498 ;
; x[0]       ; HEX1[0]     ; 9.030 ; 9.027 ; 9.027 ; 9.030 ;
; x[0]       ; HEX1[2]     ; 8.971 ; 8.974 ; 8.974 ; 8.971 ;
; x[0]       ; HEX1[3]     ; 9.056 ; 9.053 ; 9.053 ; 9.056 ;
; x[0]       ; HEX1[4]     ; 8.752 ; 8.749 ; 8.749 ; 8.752 ;
; x[0]       ; HEX1[5]     ; 8.953 ; 8.950 ; 8.950 ; 8.953 ;
; x[0]       ; HEX1[6]     ; 7.840 ; 7.931 ; 7.931 ; 7.840 ;
; x[1]       ; HEX0[0]     ; 9.372 ; 9.372 ; 9.372 ; 9.372 ;
; x[1]       ; HEX0[1]     ; 9.345 ; 9.345 ; 9.345 ; 9.345 ;
; x[1]       ; HEX0[2]     ; 9.364 ; 9.364 ; 9.364 ; 9.364 ;
; x[1]       ; HEX0[3]     ; 9.255 ; 9.255 ; 9.255 ; 9.255 ;
; x[1]       ; HEX0[4]     ; 9.036 ; 9.036 ; 9.036 ; 9.036 ;
; x[1]       ; HEX0[5]     ; 9.339 ; 9.339 ; 9.339 ; 9.339 ;
; x[1]       ; HEX0[6]     ; 9.243 ; 9.243 ; 9.243 ; 9.243 ;
; x[1]       ; HEX1[0]     ; 8.775 ; 8.772 ; 8.772 ; 8.775 ;
; x[1]       ; HEX1[2]     ; 8.716 ; 8.719 ; 8.719 ; 8.716 ;
; x[1]       ; HEX1[3]     ; 8.801 ; 8.798 ; 8.798 ; 8.801 ;
; x[1]       ; HEX1[4]     ; 8.497 ; 8.494 ; 8.494 ; 8.497 ;
; x[1]       ; HEX1[5]     ; 8.698 ; 8.695 ; 8.695 ; 8.698 ;
; x[1]       ; HEX1[6]     ; 7.585 ; 7.676 ; 7.676 ; 7.585 ;
; x[2]       ; HEX0[0]     ; 9.813 ; 9.813 ; 9.813 ; 9.813 ;
; x[2]       ; HEX0[1]     ; 9.786 ; 9.786 ; 9.786 ; 9.786 ;
; x[2]       ; HEX0[2]     ; 9.805 ; 9.805 ; 9.805 ; 9.805 ;
; x[2]       ; HEX0[3]     ; 9.696 ; 9.696 ; 9.696 ; 9.696 ;
; x[2]       ; HEX0[4]     ; 9.477 ; 9.477 ; 9.477 ; 9.477 ;
; x[2]       ; HEX0[5]     ; 9.780 ; 9.780 ; 9.780 ; 9.780 ;
; x[2]       ; HEX0[6]     ; 9.684 ; 9.684 ; 9.684 ; 9.684 ;
; x[2]       ; HEX1[0]     ; 9.216 ; 9.213 ; 9.213 ; 9.216 ;
; x[2]       ; HEX1[2]     ; 9.157 ; 9.160 ; 9.160 ; 9.157 ;
; x[2]       ; HEX1[3]     ; 9.242 ; 9.239 ; 9.239 ; 9.242 ;
; x[2]       ; HEX1[4]     ; 8.938 ; 8.935 ; 8.935 ; 8.938 ;
; x[2]       ; HEX1[5]     ; 9.139 ; 9.136 ; 9.136 ; 9.139 ;
; x[2]       ; HEX1[6]     ; 8.026 ; 8.117 ; 8.117 ; 8.026 ;
; x[3]       ; HEX0[0]     ; 8.964 ; 8.964 ; 8.964 ; 8.964 ;
; x[3]       ; HEX0[1]     ; 8.937 ; 8.937 ; 8.937 ; 8.937 ;
; x[3]       ; HEX0[2]     ; 8.956 ; 8.956 ; 8.956 ; 8.956 ;
; x[3]       ; HEX0[3]     ; 8.847 ; 8.847 ; 8.847 ; 8.847 ;
; x[3]       ; HEX0[4]     ; 8.628 ; 8.628 ; 8.628 ; 8.628 ;
; x[3]       ; HEX0[5]     ; 8.931 ; 8.931 ; 8.931 ; 8.931 ;
; x[3]       ; HEX0[6]     ; 8.835 ; 8.835 ; 8.835 ; 8.835 ;
; x[3]       ; HEX1[0]     ; 8.310 ; 8.310 ; 8.310 ; 8.310 ;
; x[3]       ; HEX1[2]     ; 8.254 ; 8.254 ; 8.254 ; 8.254 ;
; x[3]       ; HEX1[3]     ; 8.336 ; 8.336 ; 8.336 ; 8.336 ;
; x[3]       ; HEX1[4]     ; 8.032 ; 8.032 ; 8.032 ; 8.032 ;
; x[3]       ; HEX1[5]     ; 8.233 ; 8.233 ; 8.233 ; 8.233 ;
; x[3]       ; HEX1[6]     ; 7.211 ; 7.211 ; 7.211 ; 7.211 ;
; y[0]       ; HEX0[0]     ; 7.288 ; 7.288 ; 7.288 ; 7.288 ;
; y[0]       ; HEX0[1]     ; 7.261 ; 7.261 ; 7.261 ; 7.261 ;
; y[0]       ; HEX0[2]     ; 7.280 ; 7.280 ; 7.280 ; 7.280 ;
; y[0]       ; HEX0[3]     ; 7.171 ; 7.171 ; 7.171 ; 7.171 ;
; y[0]       ; HEX0[4]     ; 6.952 ; 6.952 ; 6.952 ; 6.952 ;
; y[0]       ; HEX0[5]     ; 7.255 ; 7.255 ; 7.255 ; 7.255 ;
; y[0]       ; HEX0[6]     ; 7.159 ; 7.159 ; 7.159 ; 7.159 ;
; y[0]       ; HEX1[0]     ; 6.691 ; 6.688 ; 6.688 ; 6.691 ;
; y[0]       ; HEX1[2]     ; 6.632 ; 6.635 ; 6.635 ; 6.632 ;
; y[0]       ; HEX1[3]     ; 6.717 ; 6.714 ; 6.714 ; 6.717 ;
; y[0]       ; HEX1[4]     ; 6.413 ; 6.410 ; 6.410 ; 6.413 ;
; y[0]       ; HEX1[5]     ; 6.614 ; 6.611 ; 6.611 ; 6.614 ;
; y[0]       ; HEX1[6]     ; 5.501 ; 5.592 ; 5.592 ; 5.501 ;
; y[1]       ; HEX0[0]     ; 7.019 ; 7.019 ; 7.019 ; 7.019 ;
; y[1]       ; HEX0[1]     ; 6.992 ; 6.992 ; 6.992 ; 6.992 ;
; y[1]       ; HEX0[2]     ; 7.011 ; 7.011 ; 7.011 ; 7.011 ;
; y[1]       ; HEX0[3]     ; 6.902 ; 6.902 ; 6.902 ; 6.902 ;
; y[1]       ; HEX0[4]     ; 6.683 ; 6.683 ; 6.683 ; 6.683 ;
; y[1]       ; HEX0[5]     ; 6.986 ; 6.986 ; 6.986 ; 6.986 ;
; y[1]       ; HEX0[6]     ; 6.890 ; 6.890 ; 6.890 ; 6.890 ;
; y[1]       ; HEX1[0]     ; 6.422 ; 6.419 ; 6.419 ; 6.422 ;
; y[1]       ; HEX1[2]     ; 6.363 ; 6.366 ; 6.366 ; 6.363 ;
; y[1]       ; HEX1[3]     ; 6.448 ; 6.445 ; 6.445 ; 6.448 ;
; y[1]       ; HEX1[4]     ; 6.144 ; 6.141 ; 6.141 ; 6.144 ;
; y[1]       ; HEX1[5]     ; 6.345 ; 6.342 ; 6.342 ; 6.345 ;
; y[1]       ; HEX1[6]     ; 5.232 ; 5.323 ; 5.323 ; 5.232 ;
; y[2]       ; HEX0[0]     ; 7.293 ; 7.293 ; 7.293 ; 7.293 ;
; y[2]       ; HEX0[1]     ; 7.266 ; 7.266 ; 7.266 ; 7.266 ;
; y[2]       ; HEX0[2]     ; 7.285 ; 7.285 ; 7.285 ; 7.285 ;
; y[2]       ; HEX0[3]     ; 7.176 ; 7.176 ; 7.176 ; 7.176 ;
; y[2]       ; HEX0[4]     ; 6.957 ; 6.957 ; 6.957 ; 6.957 ;
; y[2]       ; HEX0[5]     ; 7.260 ; 7.260 ; 7.260 ; 7.260 ;
; y[2]       ; HEX0[6]     ; 7.164 ; 7.164 ; 7.164 ; 7.164 ;
; y[2]       ; HEX1[0]     ; 6.696 ; 6.693 ; 6.693 ; 6.696 ;
; y[2]       ; HEX1[2]     ; 6.637 ; 6.640 ; 6.640 ; 6.637 ;
; y[2]       ; HEX1[3]     ; 6.722 ; 6.719 ; 6.719 ; 6.722 ;
; y[2]       ; HEX1[4]     ; 6.418 ; 6.415 ; 6.415 ; 6.418 ;
; y[2]       ; HEX1[5]     ; 6.619 ; 6.616 ; 6.616 ; 6.619 ;
; y[2]       ; HEX1[6]     ; 5.506 ; 5.597 ; 5.597 ; 5.506 ;
; y[3]       ; HEX0[0]     ; 5.891 ; 5.891 ; 5.891 ; 5.891 ;
; y[3]       ; HEX0[1]     ; 5.864 ; 5.864 ; 5.864 ; 5.864 ;
; y[3]       ; HEX0[2]     ; 5.883 ; 5.883 ; 5.883 ; 5.883 ;
; y[3]       ; HEX0[3]     ; 5.774 ; 5.774 ; 5.774 ; 5.774 ;
; y[3]       ; HEX0[4]     ; 5.555 ; 5.555 ; 5.555 ; 5.555 ;
; y[3]       ; HEX0[5]     ; 5.858 ; 5.858 ; 5.858 ; 5.858 ;
; y[3]       ; HEX0[6]     ; 5.762 ; 5.762 ; 5.762 ; 5.762 ;
; y[3]       ; HEX1[0]     ; 5.237 ; 5.237 ; 5.237 ; 5.237 ;
; y[3]       ; HEX1[2]     ; 5.181 ; 5.181 ; 5.181 ; 5.181 ;
; y[3]       ; HEX1[3]     ; 5.263 ; 5.263 ; 5.263 ; 5.263 ;
; y[3]       ; HEX1[4]     ; 4.959 ; 4.959 ; 4.959 ; 4.959 ;
; y[3]       ; HEX1[5]     ; 5.160 ; 5.160 ; 5.160 ; 5.160 ;
; y[3]       ; HEX1[6]     ; 4.138 ; 4.138 ; 4.138 ; 4.138 ;
+------------+-------------+-------+-------+-------+-------+


+----------------------------------------------------------+
; Minimum Propagation Delay                                ;
+------------+-------------+-------+-------+-------+-------+
; Input Port ; Output Port ; RR    ; RF    ; FR    ; FF    ;
+------------+-------------+-------+-------+-------+-------+
; te0        ; HEX0[0]     ; 4.530 ; 4.530 ; 4.530 ; 4.530 ;
; te0        ; HEX0[1]     ; 4.502 ; 4.502 ; 4.502 ; 4.502 ;
; te0        ; HEX0[2]     ; 4.521 ; 4.521 ; 4.521 ; 4.521 ;
; te0        ; HEX0[3]     ; 4.408 ; 4.408 ; 4.408 ; 4.408 ;
; te0        ; HEX0[4]     ; 4.265 ; 4.265 ; 4.265 ; 4.265 ;
; te0        ; HEX0[5]     ; 4.494 ; 4.494 ; 4.494 ; 4.494 ;
; te0        ; HEX0[6]     ; 4.398 ; 4.398 ; 4.398 ; 4.398 ;
; te0        ; HEX1[0]     ; 5.335 ; 5.335 ; 5.335 ; 5.335 ;
; te0        ; HEX1[2]     ; 5.279 ; 5.279 ; 5.279 ; 5.279 ;
; te0        ; HEX1[3]     ; 5.361 ; 5.361 ; 5.361 ; 5.361 ;
; te0        ; HEX1[4]     ; 5.057 ; 5.057 ; 5.057 ; 5.057 ;
; te0        ; HEX1[5]     ; 5.258 ; 5.258 ; 5.258 ; 5.258 ;
; te0        ; HEX1[6]     ; 5.360 ; 5.360 ; 5.360 ; 5.360 ;
; x[0]       ; HEX0[0]     ; 6.690 ; 6.690 ; 6.690 ; 6.690 ;
; x[0]       ; HEX0[1]     ; 6.662 ; 6.662 ; 6.662 ; 6.662 ;
; x[0]       ; HEX0[2]     ; 6.681 ; 6.681 ; 6.681 ; 6.681 ;
; x[0]       ; HEX0[3]     ; 6.568 ; 6.568 ; 6.568 ; 6.568 ;
; x[0]       ; HEX0[4]     ; 6.425 ; 6.425 ; 6.425 ; 6.425 ;
; x[0]       ; HEX0[5]     ; 6.654 ; 6.654 ; 6.654 ; 6.654 ;
; x[0]       ; HEX0[6]     ; 6.558 ; 6.558 ; 6.558 ; 6.558 ;
; x[0]       ; HEX1[0]     ; 7.494 ; 7.494 ; 7.494 ; 7.494 ;
; x[0]       ; HEX1[2]     ; 7.438 ; 7.438 ; 7.438 ; 7.438 ;
; x[0]       ; HEX1[3]     ; 7.520 ; 7.520 ; 7.520 ; 7.520 ;
; x[0]       ; HEX1[4]     ; 7.216 ; 7.216 ; 7.216 ; 7.216 ;
; x[0]       ; HEX1[5]     ; 7.417 ; 7.417 ; 7.417 ; 7.417 ;
; x[0]       ; HEX1[6]     ; 7.519 ; 7.519 ; 7.519 ; 7.519 ;
; x[1]       ; HEX0[0]     ; 7.083 ; 7.083 ; 7.083 ; 7.083 ;
; x[1]       ; HEX0[1]     ; 7.055 ; 7.055 ; 7.055 ; 7.055 ;
; x[1]       ; HEX0[2]     ; 7.074 ; 7.074 ; 7.074 ; 7.074 ;
; x[1]       ; HEX0[3]     ; 6.962 ; 6.962 ; 6.962 ; 6.962 ;
; x[1]       ; HEX0[4]     ; 6.941 ; 6.941 ; 6.941 ; 6.941 ;
; x[1]       ; HEX0[5]     ; 7.047 ; 7.047 ; 7.047 ; 7.047 ;
; x[1]       ; HEX0[6]     ; 6.951 ; 6.951 ; 6.951 ; 6.951 ;
; x[1]       ; HEX1[0]     ; 7.238 ; 7.238 ; 7.238 ; 7.238 ;
; x[1]       ; HEX1[2]     ; 7.182 ; 7.182 ; 7.182 ; 7.182 ;
; x[1]       ; HEX1[3]     ; 7.264 ; 7.264 ; 7.264 ; 7.264 ;
; x[1]       ; HEX1[4]     ; 6.960 ; 6.960 ; 6.960 ; 6.960 ;
; x[1]       ; HEX1[5]     ; 7.161 ; 7.161 ; 7.161 ; 7.161 ;
; x[1]       ; HEX1[6]     ; 7.263 ; 7.263 ; 7.263 ; 7.263 ;
; x[2]       ; HEX0[0]     ; 7.884 ; 7.884 ; 7.884 ; 7.884 ;
; x[2]       ; HEX0[1]     ; 7.857 ; 7.962 ; 7.962 ; 7.857 ;
; x[2]       ; HEX0[2]     ; 7.880 ; 7.981 ; 7.981 ; 7.880 ;
; x[2]       ; HEX0[3]     ; 7.763 ; 7.763 ; 7.763 ; 7.763 ;
; x[2]       ; HEX0[4]     ; 7.524 ; 7.524 ; 7.524 ; 7.524 ;
; x[2]       ; HEX0[5]     ; 7.852 ; 7.852 ; 7.852 ; 7.852 ;
; x[2]       ; HEX0[6]     ; 7.753 ; 7.753 ; 7.753 ; 7.753 ;
; x[2]       ; HEX1[0]     ; 7.692 ; 7.544 ; 7.544 ; 7.692 ;
; x[2]       ; HEX1[2]     ; 7.565 ; 7.636 ; 7.636 ; 7.565 ;
; x[2]       ; HEX1[3]     ; 7.718 ; 7.570 ; 7.570 ; 7.718 ;
; x[2]       ; HEX1[4]     ; 7.414 ; 7.532 ; 7.532 ; 7.414 ;
; x[2]       ; HEX1[5]     ; 7.442 ; 7.733 ; 7.733 ; 7.442 ;
; x[2]       ; HEX1[6]     ; 7.485 ; 7.159 ; 7.159 ; 7.485 ;
; x[3]       ; HEX0[0]     ; 7.738 ; 7.738 ; 7.738 ; 7.738 ;
; x[3]       ; HEX0[1]     ; 7.711 ; 7.711 ; 7.711 ; 7.711 ;
; x[3]       ; HEX0[2]     ; 7.734 ; 7.734 ; 7.734 ; 7.734 ;
; x[3]       ; HEX0[3]     ; 7.617 ; 7.617 ; 7.617 ; 7.617 ;
; x[3]       ; HEX0[4]     ; 7.505 ; 7.505 ; 7.505 ; 7.505 ;
; x[3]       ; HEX0[5]     ; 7.706 ; 7.706 ; 7.706 ; 7.706 ;
; x[3]       ; HEX0[6]     ; 7.607 ; 7.607 ; 7.607 ; 7.607 ;
; x[3]       ; HEX1[0]     ; 7.596 ; 7.574 ; 7.574 ; 7.596 ;
; x[3]       ; HEX1[2]     ; 7.542 ; 7.542 ; 7.542 ; 7.542 ;
; x[3]       ; HEX1[3]     ; 7.622 ; 7.600 ; 7.600 ; 7.622 ;
; x[3]       ; HEX1[4]     ; 7.320 ; 7.320 ; 7.320 ; 7.320 ;
; x[3]       ; HEX1[5]     ; 7.472 ; 7.494 ; 7.494 ; 7.472 ;
; x[3]       ; HEX1[6]     ; 7.211 ; 7.189 ; 7.189 ; 7.211 ;
; y[0]       ; HEX0[0]     ; 4.347 ; 4.347 ; 4.347 ; 4.347 ;
; y[0]       ; HEX0[1]     ; 4.319 ; 4.319 ; 4.319 ; 4.319 ;
; y[0]       ; HEX0[2]     ; 4.338 ; 4.338 ; 4.338 ; 4.338 ;
; y[0]       ; HEX0[3]     ; 4.225 ; 4.225 ; 4.225 ; 4.225 ;
; y[0]       ; HEX0[4]     ; 4.082 ; 4.082 ; 4.082 ; 4.082 ;
; y[0]       ; HEX0[5]     ; 4.311 ; 4.311 ; 4.311 ; 4.311 ;
; y[0]       ; HEX0[6]     ; 4.215 ; 4.215 ; 4.215 ; 4.215 ;
; y[0]       ; HEX1[0]     ; 5.155 ; 5.155 ; 5.155 ; 5.155 ;
; y[0]       ; HEX1[2]     ; 5.099 ; 5.099 ; 5.099 ; 5.099 ;
; y[0]       ; HEX1[3]     ; 5.181 ; 5.181 ; 5.181 ; 5.181 ;
; y[0]       ; HEX1[4]     ; 4.877 ; 4.877 ; 4.877 ; 4.877 ;
; y[0]       ; HEX1[5]     ; 5.078 ; 5.078 ; 5.078 ; 5.078 ;
; y[0]       ; HEX1[6]     ; 5.180 ; 5.180 ; 5.180 ; 5.180 ;
; y[1]       ; HEX0[0]     ; 4.648 ; 4.648 ; 4.648 ; 4.648 ;
; y[1]       ; HEX0[1]     ; 4.620 ; 4.620 ; 4.620 ; 4.620 ;
; y[1]       ; HEX0[2]     ; 4.639 ; 4.639 ; 4.639 ; 4.639 ;
; y[1]       ; HEX0[3]     ; 4.527 ; 4.527 ; 4.527 ; 4.527 ;
; y[1]       ; HEX0[4]     ; 4.506 ; 4.506 ; 4.506 ; 4.506 ;
; y[1]       ; HEX0[5]     ; 4.612 ; 4.612 ; 4.612 ; 4.612 ;
; y[1]       ; HEX0[6]     ; 4.516 ; 4.516 ; 4.516 ; 4.516 ;
; y[1]       ; HEX1[0]     ; 4.887 ; 4.887 ; 4.887 ; 4.887 ;
; y[1]       ; HEX1[2]     ; 4.831 ; 4.831 ; 4.831 ; 4.831 ;
; y[1]       ; HEX1[3]     ; 4.913 ; 4.913 ; 4.913 ; 4.913 ;
; y[1]       ; HEX1[4]     ; 4.609 ; 4.609 ; 4.609 ; 4.609 ;
; y[1]       ; HEX1[5]     ; 4.810 ; 4.810 ; 4.810 ; 4.810 ;
; y[1]       ; HEX1[6]     ; 4.910 ; 4.910 ; 4.910 ; 4.910 ;
; y[2]       ; HEX0[0]     ; 5.373 ; 5.373 ; 5.373 ; 5.373 ;
; y[2]       ; HEX0[1]     ; 5.346 ; 5.442 ; 5.442 ; 5.346 ;
; y[2]       ; HEX0[2]     ; 5.369 ; 5.461 ; 5.461 ; 5.369 ;
; y[2]       ; HEX0[3]     ; 5.252 ; 5.252 ; 5.252 ; 5.252 ;
; y[2]       ; HEX0[4]     ; 5.004 ; 5.004 ; 5.004 ; 5.004 ;
; y[2]       ; HEX0[5]     ; 5.341 ; 5.341 ; 5.341 ; 5.341 ;
; y[2]       ; HEX0[6]     ; 5.242 ; 5.242 ; 5.242 ; 5.242 ;
; y[2]       ; HEX1[0]     ; 5.181 ; 5.033 ; 5.033 ; 5.181 ;
; y[2]       ; HEX1[2]     ; 5.054 ; 5.125 ; 5.125 ; 5.054 ;
; y[2]       ; HEX1[3]     ; 5.207 ; 5.059 ; 5.059 ; 5.207 ;
; y[2]       ; HEX1[4]     ; 4.903 ; 5.012 ; 5.012 ; 4.903 ;
; y[2]       ; HEX1[5]     ; 4.931 ; 5.213 ; 5.213 ; 4.931 ;
; y[2]       ; HEX1[6]     ; 4.967 ; 4.648 ; 4.648 ; 4.967 ;
; y[3]       ; HEX0[0]     ; 4.665 ; 4.665 ; 4.665 ; 4.665 ;
; y[3]       ; HEX0[1]     ; 4.638 ; 4.638 ; 4.638 ; 4.638 ;
; y[3]       ; HEX0[2]     ; 4.661 ; 4.661 ; 4.661 ; 4.661 ;
; y[3]       ; HEX0[3]     ; 4.544 ; 4.544 ; 4.544 ; 4.544 ;
; y[3]       ; HEX0[4]     ; 4.427 ; 4.427 ; 4.427 ; 4.427 ;
; y[3]       ; HEX0[5]     ; 4.633 ; 4.633 ; 4.633 ; 4.633 ;
; y[3]       ; HEX0[6]     ; 4.534 ; 4.534 ; 4.534 ; 4.534 ;
; y[3]       ; HEX1[0]     ; 4.523 ; 4.496 ; 4.496 ; 4.523 ;
; y[3]       ; HEX1[2]     ; 4.469 ; 4.469 ; 4.469 ; 4.469 ;
; y[3]       ; HEX1[3]     ; 4.549 ; 4.522 ; 4.522 ; 4.549 ;
; y[3]       ; HEX1[4]     ; 4.247 ; 4.247 ; 4.247 ; 4.247 ;
; y[3]       ; HEX1[5]     ; 4.394 ; 4.421 ; 4.421 ; 4.394 ;
; y[3]       ; HEX1[6]     ; 4.138 ; 4.111 ; 4.111 ; 4.138 ;
+------------+-------------+-------+-------+-------+-------+


+----------------------------------------------------------------------------+
; Multicorner Timing Analysis Summary                                        ;
+------------------+-------+------+----------+---------+---------------------+
; Clock            ; Setup ; Hold ; Recovery ; Removal ; Minimum Pulse Width ;
+------------------+-------+------+----------+---------+---------------------+
; Worst-case Slack ; N/A   ; N/A  ; N/A      ; N/A     ; N/A                 ;
; Design-wide TNS  ; 0.0   ; 0.0  ; 0.0      ; 0.0     ; 0.0                 ;
+------------------+-------+------+----------+---------+---------------------+


+--------------------------------------------------------------+
; Progagation Delay                                            ;
+------------+-------------+--------+--------+--------+--------+
; Input Port ; Output Port ; RR     ; RF     ; FR     ; FF     ;
+------------+-------------+--------+--------+--------+--------+
; te0        ; HEX0[0]     ; 15.549 ; 15.549 ; 15.549 ; 15.549 ;
; te0        ; HEX0[1]     ; 15.522 ; 15.522 ; 15.522 ; 15.522 ;
; te0        ; HEX0[2]     ; 15.543 ; 15.543 ; 15.543 ; 15.543 ;
; te0        ; HEX0[3]     ; 15.294 ; 15.294 ; 15.294 ; 15.294 ;
; te0        ; HEX0[4]     ; 14.857 ; 14.857 ; 14.857 ; 14.857 ;
; te0        ; HEX0[5]     ; 15.504 ; 15.504 ; 15.504 ; 15.504 ;
; te0        ; HEX0[6]     ; 15.276 ; 15.276 ; 15.276 ; 15.276 ;
; te0        ; HEX1[0]     ; 14.249 ; 14.262 ; 14.262 ; 14.249 ;
; te0        ; HEX1[2]     ; 14.280 ; 14.267 ; 14.267 ; 14.280 ;
; te0        ; HEX1[3]     ; 14.414 ; 14.427 ; 14.427 ; 14.414 ;
; te0        ; HEX1[4]     ; 13.705 ; 13.718 ; 13.718 ; 13.705 ;
; te0        ; HEX1[5]     ; 14.102 ; 14.115 ; 14.115 ; 14.102 ;
; te0        ; HEX1[6]     ; 11.562 ; 11.763 ; 11.763 ; 11.562 ;
; x[0]       ; HEX0[0]     ; 19.127 ; 19.127 ; 19.127 ; 19.127 ;
; x[0]       ; HEX0[1]     ; 19.100 ; 19.100 ; 19.100 ; 19.100 ;
; x[0]       ; HEX0[2]     ; 19.121 ; 19.121 ; 19.121 ; 19.121 ;
; x[0]       ; HEX0[3]     ; 18.872 ; 18.872 ; 18.872 ; 18.872 ;
; x[0]       ; HEX0[4]     ; 18.435 ; 18.435 ; 18.435 ; 18.435 ;
; x[0]       ; HEX0[5]     ; 19.082 ; 19.082 ; 19.082 ; 19.082 ;
; x[0]       ; HEX0[6]     ; 18.854 ; 18.854 ; 18.854 ; 18.854 ;
; x[0]       ; HEX1[0]     ; 17.827 ; 17.840 ; 17.840 ; 17.827 ;
; x[0]       ; HEX1[2]     ; 17.858 ; 17.845 ; 17.845 ; 17.858 ;
; x[0]       ; HEX1[3]     ; 17.992 ; 18.005 ; 18.005 ; 17.992 ;
; x[0]       ; HEX1[4]     ; 17.283 ; 17.296 ; 17.296 ; 17.283 ;
; x[0]       ; HEX1[5]     ; 17.680 ; 17.693 ; 17.693 ; 17.680 ;
; x[0]       ; HEX1[6]     ; 15.140 ; 15.341 ; 15.341 ; 15.140 ;
; x[1]       ; HEX0[0]     ; 18.505 ; 18.505 ; 18.505 ; 18.505 ;
; x[1]       ; HEX0[1]     ; 18.478 ; 18.478 ; 18.478 ; 18.478 ;
; x[1]       ; HEX0[2]     ; 18.499 ; 18.499 ; 18.499 ; 18.499 ;
; x[1]       ; HEX0[3]     ; 18.250 ; 18.250 ; 18.250 ; 18.250 ;
; x[1]       ; HEX0[4]     ; 17.813 ; 17.813 ; 17.813 ; 17.813 ;
; x[1]       ; HEX0[5]     ; 18.460 ; 18.460 ; 18.460 ; 18.460 ;
; x[1]       ; HEX0[6]     ; 18.232 ; 18.232 ; 18.232 ; 18.232 ;
; x[1]       ; HEX1[0]     ; 17.205 ; 17.218 ; 17.218 ; 17.205 ;
; x[1]       ; HEX1[2]     ; 17.236 ; 17.223 ; 17.223 ; 17.236 ;
; x[1]       ; HEX1[3]     ; 17.370 ; 17.383 ; 17.383 ; 17.370 ;
; x[1]       ; HEX1[4]     ; 16.661 ; 16.674 ; 16.674 ; 16.661 ;
; x[1]       ; HEX1[5]     ; 17.058 ; 17.071 ; 17.071 ; 17.058 ;
; x[1]       ; HEX1[6]     ; 14.518 ; 14.719 ; 14.719 ; 14.518 ;
; x[2]       ; HEX0[0]     ; 19.538 ; 19.538 ; 19.538 ; 19.538 ;
; x[2]       ; HEX0[1]     ; 19.511 ; 19.511 ; 19.511 ; 19.511 ;
; x[2]       ; HEX0[2]     ; 19.532 ; 19.532 ; 19.532 ; 19.532 ;
; x[2]       ; HEX0[3]     ; 19.283 ; 19.283 ; 19.283 ; 19.283 ;
; x[2]       ; HEX0[4]     ; 18.846 ; 18.846 ; 18.846 ; 18.846 ;
; x[2]       ; HEX0[5]     ; 19.493 ; 19.493 ; 19.493 ; 19.493 ;
; x[2]       ; HEX0[6]     ; 19.265 ; 19.265 ; 19.265 ; 19.265 ;
; x[2]       ; HEX1[0]     ; 18.238 ; 18.251 ; 18.251 ; 18.238 ;
; x[2]       ; HEX1[2]     ; 18.269 ; 18.256 ; 18.256 ; 18.269 ;
; x[2]       ; HEX1[3]     ; 18.403 ; 18.416 ; 18.416 ; 18.403 ;
; x[2]       ; HEX1[4]     ; 17.694 ; 17.707 ; 17.707 ; 17.694 ;
; x[2]       ; HEX1[5]     ; 18.091 ; 18.104 ; 18.104 ; 18.091 ;
; x[2]       ; HEX1[6]     ; 15.551 ; 15.752 ; 15.752 ; 15.551 ;
; x[3]       ; HEX0[0]     ; 17.528 ; 17.528 ; 17.528 ; 17.528 ;
; x[3]       ; HEX0[1]     ; 17.501 ; 17.501 ; 17.501 ; 17.501 ;
; x[3]       ; HEX0[2]     ; 17.522 ; 17.522 ; 17.522 ; 17.522 ;
; x[3]       ; HEX0[3]     ; 17.273 ; 17.273 ; 17.273 ; 17.273 ;
; x[3]       ; HEX0[4]     ; 16.836 ; 16.836 ; 16.836 ; 16.836 ;
; x[3]       ; HEX0[5]     ; 17.483 ; 17.483 ; 17.483 ; 17.483 ;
; x[3]       ; HEX0[6]     ; 17.255 ; 17.255 ; 17.255 ; 17.255 ;
; x[3]       ; HEX1[0]     ; 16.150 ; 16.150 ; 16.150 ; 16.150 ;
; x[3]       ; HEX1[2]     ; 16.168 ; 16.168 ; 16.168 ; 16.168 ;
; x[3]       ; HEX1[3]     ; 16.315 ; 16.315 ; 16.315 ; 16.315 ;
; x[3]       ; HEX1[4]     ; 15.606 ; 15.606 ; 15.606 ; 15.606 ;
; x[3]       ; HEX1[5]     ; 16.003 ; 16.003 ; 16.003 ; 16.003 ;
; x[3]       ; HEX1[6]     ; 13.651 ; 13.651 ; 13.651 ; 13.651 ;
; y[0]       ; HEX0[0]     ; 15.352 ; 15.352 ; 15.352 ; 15.352 ;
; y[0]       ; HEX0[1]     ; 15.325 ; 15.325 ; 15.325 ; 15.325 ;
; y[0]       ; HEX0[2]     ; 15.346 ; 15.346 ; 15.346 ; 15.346 ;
; y[0]       ; HEX0[3]     ; 15.097 ; 15.097 ; 15.097 ; 15.097 ;
; y[0]       ; HEX0[4]     ; 14.660 ; 14.660 ; 14.660 ; 14.660 ;
; y[0]       ; HEX0[5]     ; 15.307 ; 15.307 ; 15.307 ; 15.307 ;
; y[0]       ; HEX0[6]     ; 15.079 ; 15.079 ; 15.079 ; 15.079 ;
; y[0]       ; HEX1[0]     ; 14.052 ; 14.065 ; 14.065 ; 14.052 ;
; y[0]       ; HEX1[2]     ; 14.083 ; 14.070 ; 14.070 ; 14.083 ;
; y[0]       ; HEX1[3]     ; 14.217 ; 14.230 ; 14.230 ; 14.217 ;
; y[0]       ; HEX1[4]     ; 13.508 ; 13.521 ; 13.521 ; 13.508 ;
; y[0]       ; HEX1[5]     ; 13.905 ; 13.918 ; 13.918 ; 13.905 ;
; y[0]       ; HEX1[6]     ; 11.365 ; 11.566 ; 11.566 ; 11.365 ;
; y[1]       ; HEX0[0]     ; 14.690 ; 14.690 ; 14.690 ; 14.690 ;
; y[1]       ; HEX0[1]     ; 14.663 ; 14.663 ; 14.663 ; 14.663 ;
; y[1]       ; HEX0[2]     ; 14.684 ; 14.684 ; 14.684 ; 14.684 ;
; y[1]       ; HEX0[3]     ; 14.435 ; 14.435 ; 14.435 ; 14.435 ;
; y[1]       ; HEX0[4]     ; 13.998 ; 13.998 ; 13.998 ; 13.998 ;
; y[1]       ; HEX0[5]     ; 14.645 ; 14.645 ; 14.645 ; 14.645 ;
; y[1]       ; HEX0[6]     ; 14.417 ; 14.417 ; 14.417 ; 14.417 ;
; y[1]       ; HEX1[0]     ; 13.390 ; 13.403 ; 13.403 ; 13.390 ;
; y[1]       ; HEX1[2]     ; 13.421 ; 13.408 ; 13.408 ; 13.421 ;
; y[1]       ; HEX1[3]     ; 13.555 ; 13.568 ; 13.568 ; 13.555 ;
; y[1]       ; HEX1[4]     ; 12.846 ; 12.859 ; 12.859 ; 12.846 ;
; y[1]       ; HEX1[5]     ; 13.243 ; 13.256 ; 13.256 ; 13.243 ;
; y[1]       ; HEX1[6]     ; 10.703 ; 10.904 ; 10.904 ; 10.703 ;
; y[2]       ; HEX0[0]     ; 15.348 ; 15.348 ; 15.348 ; 15.348 ;
; y[2]       ; HEX0[1]     ; 15.321 ; 15.321 ; 15.321 ; 15.321 ;
; y[2]       ; HEX0[2]     ; 15.342 ; 15.342 ; 15.342 ; 15.342 ;
; y[2]       ; HEX0[3]     ; 15.093 ; 15.093 ; 15.093 ; 15.093 ;
; y[2]       ; HEX0[4]     ; 14.656 ; 14.656 ; 14.656 ; 14.656 ;
; y[2]       ; HEX0[5]     ; 15.303 ; 15.303 ; 15.303 ; 15.303 ;
; y[2]       ; HEX0[6]     ; 15.075 ; 15.075 ; 15.075 ; 15.075 ;
; y[2]       ; HEX1[0]     ; 14.048 ; 14.061 ; 14.061 ; 14.048 ;
; y[2]       ; HEX1[2]     ; 14.079 ; 14.066 ; 14.066 ; 14.079 ;
; y[2]       ; HEX1[3]     ; 14.213 ; 14.226 ; 14.226 ; 14.213 ;
; y[2]       ; HEX1[4]     ; 13.504 ; 13.517 ; 13.517 ; 13.504 ;
; y[2]       ; HEX1[5]     ; 13.901 ; 13.914 ; 13.914 ; 13.901 ;
; y[2]       ; HEX1[6]     ; 11.361 ; 11.562 ; 11.562 ; 11.361 ;
; y[3]       ; HEX0[0]     ; 12.374 ; 12.374 ; 12.374 ; 12.374 ;
; y[3]       ; HEX0[1]     ; 12.347 ; 12.347 ; 12.347 ; 12.347 ;
; y[3]       ; HEX0[2]     ; 12.368 ; 12.368 ; 12.368 ; 12.368 ;
; y[3]       ; HEX0[3]     ; 12.119 ; 12.119 ; 12.119 ; 12.119 ;
; y[3]       ; HEX0[4]     ; 11.682 ; 11.682 ; 11.682 ; 11.682 ;
; y[3]       ; HEX0[5]     ; 12.329 ; 12.329 ; 12.329 ; 12.329 ;
; y[3]       ; HEX0[6]     ; 12.101 ; 12.101 ; 12.101 ; 12.101 ;
; y[3]       ; HEX1[0]     ; 10.996 ; 10.996 ; 10.996 ; 10.996 ;
; y[3]       ; HEX1[2]     ; 11.014 ; 11.014 ; 11.014 ; 11.014 ;
; y[3]       ; HEX1[3]     ; 11.161 ; 11.161 ; 11.161 ; 11.161 ;
; y[3]       ; HEX1[4]     ; 10.452 ; 10.452 ; 10.452 ; 10.452 ;
; y[3]       ; HEX1[5]     ; 10.849 ; 10.849 ; 10.849 ; 10.849 ;
; y[3]       ; HEX1[6]     ; 8.497  ; 8.497  ; 8.497  ; 8.497  ;
+------------+-------------+--------+--------+--------+--------+


+----------------------------------------------------------+
; Minimum Progagation Delay                                ;
+------------+-------------+-------+-------+-------+-------+
; Input Port ; Output Port ; RR    ; RF    ; FR    ; FF    ;
+------------+-------------+-------+-------+-------+-------+
; te0        ; HEX0[0]     ; 4.530 ; 4.530 ; 4.530 ; 4.530 ;
; te0        ; HEX0[1]     ; 4.502 ; 4.502 ; 4.502 ; 4.502 ;
; te0        ; HEX0[2]     ; 4.521 ; 4.521 ; 4.521 ; 4.521 ;
; te0        ; HEX0[3]     ; 4.408 ; 4.408 ; 4.408 ; 4.408 ;
; te0        ; HEX0[4]     ; 4.265 ; 4.265 ; 4.265 ; 4.265 ;
; te0        ; HEX0[5]     ; 4.494 ; 4.494 ; 4.494 ; 4.494 ;
; te0        ; HEX0[6]     ; 4.398 ; 4.398 ; 4.398 ; 4.398 ;
; te0        ; HEX1[0]     ; 5.335 ; 5.335 ; 5.335 ; 5.335 ;
; te0        ; HEX1[2]     ; 5.279 ; 5.279 ; 5.279 ; 5.279 ;
; te0        ; HEX1[3]     ; 5.361 ; 5.361 ; 5.361 ; 5.361 ;
; te0        ; HEX1[4]     ; 5.057 ; 5.057 ; 5.057 ; 5.057 ;
; te0        ; HEX1[5]     ; 5.258 ; 5.258 ; 5.258 ; 5.258 ;
; te0        ; HEX1[6]     ; 5.360 ; 5.360 ; 5.360 ; 5.360 ;
; x[0]       ; HEX0[0]     ; 6.690 ; 6.690 ; 6.690 ; 6.690 ;
; x[0]       ; HEX0[1]     ; 6.662 ; 6.662 ; 6.662 ; 6.662 ;
; x[0]       ; HEX0[2]     ; 6.681 ; 6.681 ; 6.681 ; 6.681 ;
; x[0]       ; HEX0[3]     ; 6.568 ; 6.568 ; 6.568 ; 6.568 ;
; x[0]       ; HEX0[4]     ; 6.425 ; 6.425 ; 6.425 ; 6.425 ;
; x[0]       ; HEX0[5]     ; 6.654 ; 6.654 ; 6.654 ; 6.654 ;
; x[0]       ; HEX0[6]     ; 6.558 ; 6.558 ; 6.558 ; 6.558 ;
; x[0]       ; HEX1[0]     ; 7.494 ; 7.494 ; 7.494 ; 7.494 ;
; x[0]       ; HEX1[2]     ; 7.438 ; 7.438 ; 7.438 ; 7.438 ;
; x[0]       ; HEX1[3]     ; 7.520 ; 7.520 ; 7.520 ; 7.520 ;
; x[0]       ; HEX1[4]     ; 7.216 ; 7.216 ; 7.216 ; 7.216 ;
; x[0]       ; HEX1[5]     ; 7.417 ; 7.417 ; 7.417 ; 7.417 ;
; x[0]       ; HEX1[6]     ; 7.519 ; 7.519 ; 7.519 ; 7.519 ;
; x[1]       ; HEX0[0]     ; 7.083 ; 7.083 ; 7.083 ; 7.083 ;
; x[1]       ; HEX0[1]     ; 7.055 ; 7.055 ; 7.055 ; 7.055 ;
; x[1]       ; HEX0[2]     ; 7.074 ; 7.074 ; 7.074 ; 7.074 ;
; x[1]       ; HEX0[3]     ; 6.962 ; 6.962 ; 6.962 ; 6.962 ;
; x[1]       ; HEX0[4]     ; 6.941 ; 6.941 ; 6.941 ; 6.941 ;
; x[1]       ; HEX0[5]     ; 7.047 ; 7.047 ; 7.047 ; 7.047 ;
; x[1]       ; HEX0[6]     ; 6.951 ; 6.951 ; 6.951 ; 6.951 ;
; x[1]       ; HEX1[0]     ; 7.238 ; 7.238 ; 7.238 ; 7.238 ;
; x[1]       ; HEX1[2]     ; 7.182 ; 7.182 ; 7.182 ; 7.182 ;
; x[1]       ; HEX1[3]     ; 7.264 ; 7.264 ; 7.264 ; 7.264 ;
; x[1]       ; HEX1[4]     ; 6.960 ; 6.960 ; 6.960 ; 6.960 ;
; x[1]       ; HEX1[5]     ; 7.161 ; 7.161 ; 7.161 ; 7.161 ;
; x[1]       ; HEX1[6]     ; 7.263 ; 7.263 ; 7.263 ; 7.263 ;
; x[2]       ; HEX0[0]     ; 7.884 ; 7.884 ; 7.884 ; 7.884 ;
; x[2]       ; HEX0[1]     ; 7.857 ; 7.962 ; 7.962 ; 7.857 ;
; x[2]       ; HEX0[2]     ; 7.880 ; 7.981 ; 7.981 ; 7.880 ;
; x[2]       ; HEX0[3]     ; 7.763 ; 7.763 ; 7.763 ; 7.763 ;
; x[2]       ; HEX0[4]     ; 7.524 ; 7.524 ; 7.524 ; 7.524 ;
; x[2]       ; HEX0[5]     ; 7.852 ; 7.852 ; 7.852 ; 7.852 ;
; x[2]       ; HEX0[6]     ; 7.753 ; 7.753 ; 7.753 ; 7.753 ;
; x[2]       ; HEX1[0]     ; 7.692 ; 7.544 ; 7.544 ; 7.692 ;
; x[2]       ; HEX1[2]     ; 7.565 ; 7.636 ; 7.636 ; 7.565 ;
; x[2]       ; HEX1[3]     ; 7.718 ; 7.570 ; 7.570 ; 7.718 ;
; x[2]       ; HEX1[4]     ; 7.414 ; 7.532 ; 7.532 ; 7.414 ;
; x[2]       ; HEX1[5]     ; 7.442 ; 7.733 ; 7.733 ; 7.442 ;
; x[2]       ; HEX1[6]     ; 7.485 ; 7.159 ; 7.159 ; 7.485 ;
; x[3]       ; HEX0[0]     ; 7.738 ; 7.738 ; 7.738 ; 7.738 ;
; x[3]       ; HEX0[1]     ; 7.711 ; 7.711 ; 7.711 ; 7.711 ;
; x[3]       ; HEX0[2]     ; 7.734 ; 7.734 ; 7.734 ; 7.734 ;
; x[3]       ; HEX0[3]     ; 7.617 ; 7.617 ; 7.617 ; 7.617 ;
; x[3]       ; HEX0[4]     ; 7.505 ; 7.505 ; 7.505 ; 7.505 ;
; x[3]       ; HEX0[5]     ; 7.706 ; 7.706 ; 7.706 ; 7.706 ;
; x[3]       ; HEX0[6]     ; 7.607 ; 7.607 ; 7.607 ; 7.607 ;
; x[3]       ; HEX1[0]     ; 7.596 ; 7.574 ; 7.574 ; 7.596 ;
; x[3]       ; HEX1[2]     ; 7.542 ; 7.542 ; 7.542 ; 7.542 ;
; x[3]       ; HEX1[3]     ; 7.622 ; 7.600 ; 7.600 ; 7.622 ;
; x[3]       ; HEX1[4]     ; 7.320 ; 7.320 ; 7.320 ; 7.320 ;
; x[3]       ; HEX1[5]     ; 7.472 ; 7.494 ; 7.494 ; 7.472 ;
; x[3]       ; HEX1[6]     ; 7.211 ; 7.189 ; 7.189 ; 7.211 ;
; y[0]       ; HEX0[0]     ; 4.347 ; 4.347 ; 4.347 ; 4.347 ;
; y[0]       ; HEX0[1]     ; 4.319 ; 4.319 ; 4.319 ; 4.319 ;
; y[0]       ; HEX0[2]     ; 4.338 ; 4.338 ; 4.338 ; 4.338 ;
; y[0]       ; HEX0[3]     ; 4.225 ; 4.225 ; 4.225 ; 4.225 ;
; y[0]       ; HEX0[4]     ; 4.082 ; 4.082 ; 4.082 ; 4.082 ;
; y[0]       ; HEX0[5]     ; 4.311 ; 4.311 ; 4.311 ; 4.311 ;
; y[0]       ; HEX0[6]     ; 4.215 ; 4.215 ; 4.215 ; 4.215 ;
; y[0]       ; HEX1[0]     ; 5.155 ; 5.155 ; 5.155 ; 5.155 ;
; y[0]       ; HEX1[2]     ; 5.099 ; 5.099 ; 5.099 ; 5.099 ;
; y[0]       ; HEX1[3]     ; 5.181 ; 5.181 ; 5.181 ; 5.181 ;
; y[0]       ; HEX1[4]     ; 4.877 ; 4.877 ; 4.877 ; 4.877 ;
; y[0]       ; HEX1[5]     ; 5.078 ; 5.078 ; 5.078 ; 5.078 ;
; y[0]       ; HEX1[6]     ; 5.180 ; 5.180 ; 5.180 ; 5.180 ;
; y[1]       ; HEX0[0]     ; 4.648 ; 4.648 ; 4.648 ; 4.648 ;
; y[1]       ; HEX0[1]     ; 4.620 ; 4.620 ; 4.620 ; 4.620 ;
; y[1]       ; HEX0[2]     ; 4.639 ; 4.639 ; 4.639 ; 4.639 ;
; y[1]       ; HEX0[3]     ; 4.527 ; 4.527 ; 4.527 ; 4.527 ;
; y[1]       ; HEX0[4]     ; 4.506 ; 4.506 ; 4.506 ; 4.506 ;
; y[1]       ; HEX0[5]     ; 4.612 ; 4.612 ; 4.612 ; 4.612 ;
; y[1]       ; HEX0[6]     ; 4.516 ; 4.516 ; 4.516 ; 4.516 ;
; y[1]       ; HEX1[0]     ; 4.887 ; 4.887 ; 4.887 ; 4.887 ;
; y[1]       ; HEX1[2]     ; 4.831 ; 4.831 ; 4.831 ; 4.831 ;
; y[1]       ; HEX1[3]     ; 4.913 ; 4.913 ; 4.913 ; 4.913 ;
; y[1]       ; HEX1[4]     ; 4.609 ; 4.609 ; 4.609 ; 4.609 ;
; y[1]       ; HEX1[5]     ; 4.810 ; 4.810 ; 4.810 ; 4.810 ;
; y[1]       ; HEX1[6]     ; 4.910 ; 4.910 ; 4.910 ; 4.910 ;
; y[2]       ; HEX0[0]     ; 5.373 ; 5.373 ; 5.373 ; 5.373 ;
; y[2]       ; HEX0[1]     ; 5.346 ; 5.442 ; 5.442 ; 5.346 ;
; y[2]       ; HEX0[2]     ; 5.369 ; 5.461 ; 5.461 ; 5.369 ;
; y[2]       ; HEX0[3]     ; 5.252 ; 5.252 ; 5.252 ; 5.252 ;
; y[2]       ; HEX0[4]     ; 5.004 ; 5.004 ; 5.004 ; 5.004 ;
; y[2]       ; HEX0[5]     ; 5.341 ; 5.341 ; 5.341 ; 5.341 ;
; y[2]       ; HEX0[6]     ; 5.242 ; 5.242 ; 5.242 ; 5.242 ;
; y[2]       ; HEX1[0]     ; 5.181 ; 5.033 ; 5.033 ; 5.181 ;
; y[2]       ; HEX1[2]     ; 5.054 ; 5.125 ; 5.125 ; 5.054 ;
; y[2]       ; HEX1[3]     ; 5.207 ; 5.059 ; 5.059 ; 5.207 ;
; y[2]       ; HEX1[4]     ; 4.903 ; 5.012 ; 5.012 ; 4.903 ;
; y[2]       ; HEX1[5]     ; 4.931 ; 5.213 ; 5.213 ; 4.931 ;
; y[2]       ; HEX1[6]     ; 4.967 ; 4.648 ; 4.648 ; 4.967 ;
; y[3]       ; HEX0[0]     ; 4.665 ; 4.665 ; 4.665 ; 4.665 ;
; y[3]       ; HEX0[1]     ; 4.638 ; 4.638 ; 4.638 ; 4.638 ;
; y[3]       ; HEX0[2]     ; 4.661 ; 4.661 ; 4.661 ; 4.661 ;
; y[3]       ; HEX0[3]     ; 4.544 ; 4.544 ; 4.544 ; 4.544 ;
; y[3]       ; HEX0[4]     ; 4.427 ; 4.427 ; 4.427 ; 4.427 ;
; y[3]       ; HEX0[5]     ; 4.633 ; 4.633 ; 4.633 ; 4.633 ;
; y[3]       ; HEX0[6]     ; 4.534 ; 4.534 ; 4.534 ; 4.534 ;
; y[3]       ; HEX1[0]     ; 4.523 ; 4.496 ; 4.496 ; 4.523 ;
; y[3]       ; HEX1[2]     ; 4.469 ; 4.469 ; 4.469 ; 4.469 ;
; y[3]       ; HEX1[3]     ; 4.549 ; 4.522 ; 4.522 ; 4.549 ;
; y[3]       ; HEX1[4]     ; 4.247 ; 4.247 ; 4.247 ; 4.247 ;
; y[3]       ; HEX1[5]     ; 4.394 ; 4.421 ; 4.421 ; 4.394 ;
; y[3]       ; HEX1[6]     ; 4.138 ; 4.111 ; 4.111 ; 4.138 ;
+------------+-------------+-------+-------+-------+-------+


-------------------
; Clock Transfers ;
-------------------
Nothing to report.


---------------
; Report TCCS ;
---------------
No dedicated SERDES Transmitter circuitry present in device or used in design


---------------
; Report RSKM ;
---------------
No dedicated SERDES Receiver circuitry present in device or used in design


+------------------------------------------------+
; Unconstrained Paths                            ;
+---------------------------------+-------+------+
; Property                        ; Setup ; Hold ;
+---------------------------------+-------+------+
; Illegal Clocks                  ; 0     ; 0    ;
; Unconstrained Clocks            ; 0     ; 0    ;
; Unconstrained Input Ports       ; 9     ; 9    ;
; Unconstrained Input Port Paths  ; 117   ; 117  ;
; Unconstrained Output Ports      ; 13    ; 13   ;
; Unconstrained Output Port Paths ; 117   ; 117  ;
+---------------------------------+-------+------+


+------------------------------------+
; TimeQuest Timing Analyzer Messages ;
+------------------------------------+
Info: *******************************************************************
Info: Running Quartus II 64-Bit TimeQuest Timing Analyzer
    Info: Version 13.0.1 Build 232 06/12/2013 Service Pack 1 SJ Web Edition
    Info: Processing started: Thu Oct 18 16:42:09 2018
Info: Command: quartus_sta Somador4bits -c Somador4bits
Info: qsta_default_script.tcl version: #1
Warning (20028): Parallel compilation is not licensed and has been disabled
Info (21077): Low junction temperature is 0 degrees C
Info (21077): High junction temperature is 85 degrees C
Critical Warning (332012): Synopsys Design Constraints File file not found: 'Somador4bits.sdc'. A Synopsys Design Constraints File is required by the TimeQuest Timing Analyzer to get proper timing constraints. Without it, the Compiler will not properly optimize the design.
Info (332142): No user constrained base clocks found in the design. Calling "derive_clocks -period 1.0"
Info (332096): The command derive_clocks did not find any clocks to derive.  No clocks were created or changed.
Warning (332068): No clocks defined in design.
Info: Found TIMEQUEST_REPORT_SCRIPT_INCLUDE_DEFAULT_ANALYSIS = ON
Info (332159): No clocks to report
Info: Analyzing Slow Model
Info (332140): No fmax paths to report
Info (332140): No Setup paths to report
Info (332140): No Hold paths to report
Info (332140): No Recovery paths to report
Info (332140): No Removal paths to report
Info (332140): No Minimum Pulse Width paths to report
Info (332001): The selected device family is not supported by the report_metastability command.
Info: Analyzing Fast Model
Info (332142): No user constrained base clocks found in the design. Calling "derive_clocks -period 1.0"
Info (332096): The command derive_clocks did not find any clocks to derive.  No clocks were created or changed.
Warning (332068): No clocks defined in design.
Info (332140): No Setup paths to report
Info (332140): No Hold paths to report
Info (332140): No Recovery paths to report
Info (332140): No Removal paths to report
Info (332140): No Minimum Pulse Width paths to report
Info (332001): The selected device family is not supported by the report_metastability command.
Info (332102): Design is not fully constrained for setup requirements
Info (332102): Design is not fully constrained for hold requirements
Info: Quartus II 64-Bit TimeQuest Timing Analyzer was successful. 0 errors, 4 warnings
    Info: Peak virtual memory: 477 megabytes
    Info: Processing ended: Thu Oct 18 16:42:10 2018
    Info: Elapsed time: 00:00:01
    Info: Total CPU time (on all processors): 00:00:01


